<?xml version="1.0" encoding="utf-8"?><testsuites name="pytest tests"><testsuite name="pytest" errors="0" failures="0" skipped="0" tests="19" time="3.481" timestamp="2026-03-01T21:15:46.626049+00:00" hostname="agent-env-317ac3e3-8c1e-48ff-8204-86ecb731894d"><testcase classname="tests.test_api.TestHealthEndpoints" name="test_health_endpoint" time="0.173" /><testcase classname="tests.test_api.TestHealthEndpoints" name="test_root_api_endpoint" time="0.136" /><testcase classname="tests.test_api.TestProductsAPI" name="test_get_all_products" time="0.120" /><testcase classname="tests.test_api.TestProductsAPI" name="test_get_product_by_handle" time="0.296" /><testcase classname="tests.test_api.TestProductsAPI" name="test_get_product_by_invalid_handle" time="0.132" /><testcase classname="tests.test_api.TestCollectionsAPI" name="test_get_all_collections" time="0.117" /><testcase classname="tests.test_api.TestCollectionsAPI" name="test_get_collection_by_id" time="0.263" /><testcase classname="tests.test_api.TestQuotesAPI" name="test_create_quote_request" time="0.142" /><testcase classname="tests.test_api.TestQuotesAPI" name="test_get_quotes_without_auth" time="0.117" /><testcase classname="tests.test_api.TestQuotesAPI" name="test_get_quotes_with_auth" time="0.142" /><testcase classname="tests.test_api.TestMarqueeOrdersAPI" name="test_create_marquee_order" time="0.131" /><testcase classname="tests.test_api.TestMarqueeOrdersAPI" name="test_get_marquee_orders_with_auth" time="0.121" /><testcase classname="tests.test_api.TestNewsletterAPI" name="test_newsletter_subscription" time="0.140" /><testcase classname="tests.test_api.TestNewsletterAPI" name="test_newsletter_duplicate_email" time="0.251" /><testcase classname="tests.test_api.TestBlogAPI" name="test_get_blog_posts" time="0.116" /><testcase classname="tests.test_api.TestAdminProductCRUD" name="test_create_product_with_auth" time="0.430" /><testcase classname="tests.test_api.TestAdminProductCRUD" name="test_create_product_without_auth" time="0.115" /><testcase classname="tests.test_api.TestAdminCollectionCRUD" name="test_create_collection_with_auth" time="0.257" /><testcase classname="tests.test_api.TestSeedData" name="test_seed_database_with_auth" time="0.105" /></testsuite></testsuites>